=== puma startup: 2020-01-29 11:58:49 +0000 ===
* Listening on tcp://0.0.0.0:3000
* Listening on unix:///home/ec2-user/vivily/tmp/sockets/puma.sock
=== puma startup: 2020-01-29 12:00:12 +0000 ===
Exiting
=== puma startup: 2020-01-29 12:01:18 +0000 ===
Exiting
=== puma startup: 2020-01-29 12:01:34 +0000 ===
Exiting
=== puma startup: 2020-01-29 12:01:45 +0000 ===
Exiting
=== puma startup: 2020-01-29 12:02:36 +0000 ===
Exiting
- Gracefully stopping, waiting for requests to finish
=== puma shutdown: 2020-01-29 12:38:19 +0000 ===
- Goodbye!
Exiting
=== puma startup: 2020-01-29 12:38:33 +0000 ===
* Listening on tcp://0.0.0.0:3000
* Listening on unix:///home/ec2-user/vivily/tmp/sockets/puma.sock
- Gracefully stopping, waiting for requests to finish
=== puma shutdown: 2020-01-29 12:40:08 +0000 ===
- Goodbye!
Exiting
=== puma startup: 2020-01-29 12:40:14 +0000 ===
* Listening on tcp://0.0.0.0:3000
* Listening on unix:///home/ec2-user/vivily/tmp/sockets/puma.sock
=== puma startup: 2020-01-29 12:47:55 +0000 ===
Exiting
- Gracefully stopping, waiting for requests to finish
=== puma shutdown: 2020-01-29 12:49:37 +0000 ===
- Goodbye!
Exiting
=== puma startup: 2020-01-29 12:49:44 +0000 ===
* Listening on tcp://0.0.0.0:3000
* Listening on unix:///home/ec2-user/vivily/tmp/sockets/puma.sock
- Gracefully stopping, waiting for requests to finish
=== puma shutdown: 2020-01-29 12:53:03 +0000 ===
- Goodbye!
Exiting
=== puma startup: 2020-01-29 12:53:12 +0000 ===
* Listening on tcp://0.0.0.0:3000
* Listening on unix:///home/ec2-user/vivily/tmp/sockets/puma.sock
- Gracefully stopping, waiting for requests to finish
=== puma shutdown: 2020-01-30 05:12:40 +0000 ===
- Goodbye!
Exiting
=== puma startup: 2020-01-30 05:19:21 +0000 ===
* Listening on tcp://0.0.0.0:3000
* Listening on unix:///home/ec2-user/vivily/tmp/sockets/puma.sock
- Gracefully stopping, waiting for requests to finish
=== puma shutdown: 2020-01-30 05:24:48 +0000 ===
- Goodbye!
Exiting
=== puma startup: 2020-01-30 05:29:06 +0000 ===
* Listening on tcp://0.0.0.0:3000
* Listening on unix:///home/ec2-user/vivily/tmp/sockets/puma.sock
- Gracefully stopping, waiting for requests to finish
=== puma shutdown: 2020-01-30 05:30:46 +0000 ===
- Goodbye!
Exiting
=== puma startup: 2020-01-30 05:31:47 +0000 ===
* Listening on tcp://0.0.0.0:3000
* Listening on unix:///home/ec2-user/vivily/tmp/sockets/puma.sock
- Gracefully stopping, waiting for requests to finish
=== puma shutdown: 2020-01-30 05:35:37 +0000 ===
- Goodbye!
Exiting
=== puma startup: 2020-01-30 05:35:40 +0000 ===
* Listening on tcp://0.0.0.0:3000
* Listening on unix:///home/ec2-user/vivily/tmp/sockets/puma.sock
- Gracefully stopping, waiting for requests to finish
=== puma shutdown: 2020-01-30 05:40:20 +0000 ===
- Goodbye!
Exiting
=== puma startup: 2020-01-30 05:40:23 +0000 ===
* Listening on tcp://0.0.0.0:3000
* Listening on unix:///home/ec2-user/vivily/tmp/sockets/puma.sock
- Gracefully stopping, waiting for requests to finish
=== puma shutdown: 2020-01-30 07:13:38 +0000 ===
- Goodbye!
Exiting
=== puma startup: 2020-01-30 07:14:07 +0000 ===
* Listening on tcp://0.0.0.0:3000
* Listening on unix:///home/ec2-user/vivily/tmp/sockets/puma.sock
